<?xml version="1.0" encoding="UTF-8"?>
<!-- Generated by org.testng.reporters.JUnitReportReporter -->
<testsuite hostname="chandu" failures="0" tests="3" name="Test.sample" time="12.808" errors="0" timestamp="2024-09-06T16:58:21 CST" skipped="0">
  <testcase classname="Test.sample" name="m1" time="3.624"/>
  <testcase classname="Test.sample" name="m1" time="3.953"/>
  <testcase classname="Test.sample" name="m1" time="5.231"/>
</testsuite> <!-- Test.sample -->
