<?xml version="1.0" encoding="UTF-8"?>
<!-- Generated by org.testng.reporters.JUnitReportReporter -->
<testsuite hostname="chandu" failures="0" tests="1" name="Test.LaunchBrowserTest" time="9.464" errors="0" timestamp="2024-09-01T22:48:05 CST" skipped="0">
  <testcase classname="Test.LaunchBrowserTest" name="TestDemoAppLaunch" time="9.464"/>
</testsuite> <!-- Test.LaunchBrowserTest -->
